# JRE version: Java(TM) SE Runtime Environment (8.0_191-b12) (build 1.8.0_191-b12)
# Java VM: Java HotSpot(TM) 64-Bit Server VM (25.191-b12 mixed mode linux-amd64 compressed oops)
Heap:
 PSYoungGen      total 1228288K, used 371687K [0x000000076ab00000, 0x00000007c0000000, 0x00000007c0000000)
  eden space 1095680K, 33% used [0x000000076ab00000,0x00000007815f9e90,0x00000007ad900000)
  from space 132608K, 0% used [0x00000007b7280000,0x00000007b7280000,0x00000007bf400000)
  to   space 151040K, 0% used [0x00000007ad900000,0x00000007ad900000,0x00000007b6c80000)
 ParOldGen       total 2186240K, used 2186050K [0x00000006c0000000, 0x0000000745700000, 0x000000076ab00000)
  object space 2186240K, 99% used [0x00000006c0000000,0x00000007456d0800,0x0000000745700000)
 Metaspace       used 3443K, capacity 4980K, committed 5120K, reserved 1056768K
  class space    used 350K, capacity 424K, committed 512K, reserved 1048576K
GC Heap History (10 events):
Event: 162.078 GC heap after
Heap after GC invocations=26 (full 0):
 PSYoungGen      total 1240064K, used 56673K [0x000000076ab00000, 0x00000007bed80000, 0x00000007c0000000)
  eden space 1101312K, 0% used [0x000000076ab00000,0x000000076ab00000,0x00000007ade80000)
  from space 138752K, 40% used [0x00000007b6600000,0x00000007b9d58588,0x00000007bed80000)
  to   space 138752K, 0% used [0x00000007ade80000,0x00000007ade80000,0x00000007b6600000)
 ParOldGen       total 1398272K, used 1279779K [0x00000006c0000000, 0x0000000715580000, 0x000000076ab00000)
  object space 1398272K, 91% used [0x00000006c0000000,0x000000070e1c8e30,0x0000000715580000)
 Metaspace       used 3018K, capacity 4852K, committed 5120K, reserved 1056768K
  class space    used 304K, capacity 424K, committed 512K, reserved 1048576K
}
Event: 164.179 GC heap before
{Heap before GC invocations=27 (full 0):
 PSYoungGen      total 1240064K, used 1157947K [0x000000076ab00000, 0x00000007bed80000, 0x00000007c0000000)
  eden space 1101312K, 99% used [0x000000076ab00000,0x00000007ade766a0,0x00000007ade80000)
  from space 138752K, 40% used [0x00000007b6600000,0x00000007b9d58588,0x00000007bed80000)
  to   space 138752K, 0% used [0x00000007ade80000,0x00000007ade80000,0x00000007b6600000)
 ParOldGen       total 1398272K, used 1279779K [0x00000006c0000000, 0x0000000715580000, 0x000000076ab00000)
  object space 1398272K, 91% used [0x00000006c0000000,0x000000070e1c8e30,0x0000000715580000)
 Metaspace       used 3018K, capacity 4852K, committed 5120K, reserved 1056768K
  class space    used 304K, capacity 424K, committed 512K, reserved 1048576K
Event: 164.211 GC heap after
Heap after GC invocations=27 (full 0):
 PSYoungGen      total 1240064K, used 57986K [0x000000076ab00000, 0x00000007bf400000, 0x00000007c0000000)
  eden space 1101312K, 0% used [0x000000076ab00000,0x000000076ab00000,0x00000007ade80000)
  from space 138752K, 41% used [0x00000007ade80000,0x00000007b17208d8,0x00000007b6600000)
  to   space 132608K, 0% used [0x00000007b7280000,0x00000007b7280000,0x00000007bf400000)
 ParOldGen       total 1398272K, used 1336348K [0x00000006c0000000, 0x0000000715580000, 0x000000076ab00000)
  object space 1398272K, 95% used [0x00000006c0000000,0x00000007119073b8,0x0000000715580000)
 Metaspace       used 3018K, capacity 4852K, committed 5120K, reserved 1056768K
  class space    used 304K, capacity 424K, committed 512K, reserved 1048576K
}
Event: 164.211 GC heap before
{Heap before GC invocations=28 (full 1):
 PSYoungGen      total 1240064K, used 57986K [0x000000076ab00000, 0x00000007bf400000, 0x00000007c0000000)
  eden space 1101312K, 0% used [0x000000076ab00000,0x000000076ab00000,0x00000007ade80000)
  from space 138752K, 41% used [0x00000007ade80000,0x00000007b17208d8,0x00000007b6600000)
  to   space 132608K, 0% used [0x00000007b7280000,0x00000007b7280000,0x00000007bf400000)
 ParOldGen       total 1398272K, used 1336348K [0x00000006c0000000, 0x0000000715580000, 0x000000076ab00000)
  object space 1398272K, 95% used [0x00000006c0000000,0x00000007119073b8,0x0000000715580000)
 Metaspace       used 3018K, capacity 4852K, committed 5120K, reserved 1056768K
  class space    used 304K, capacity 424K, committed 512K, reserved 1048576K
Event: 164.612 GC heap after
Heap after GC invocations=28 (full 1):
 PSYoungGen      total 1240064K, used 0K [0x000000076ab00000, 0x00000007bf400000, 0x00000007c0000000)
  eden space 1101312K, 0% used [0x000000076ab00000,0x000000076ab00000,0x00000007ade80000)
  from space 138752K, 0% used [0x00000007ade80000,0x00000007ade80000,0x00000007b6600000)
  to   space 132608K, 0% used [0x00000007b7280000,0x00000007b7280000,0x00000007bf400000)
 ParOldGen       total 2051584K, used 1393740K [0x00000006c0000000, 0x000000073d380000, 0x000000076ab00000)
  object space 2051584K, 67% used [0x00000006c0000000,0x0000000715113050,0x000000073d380000)
 Metaspace       used 3018K, capacity 4852K, committed 5120K, reserved 1056768K
  class space    used 304K, capacity 424K, committed 512K, reserved 1048576K
}
Event: 185.512 GC heap before
{Heap before GC invocations=29 (full 1):
 PSYoungGen      total 1240064K, used 1101312K [0x000000076ab00000, 0x00000007bf400000, 0x00000007c0000000)
  eden space 1101312K, 100% used [0x000000076ab00000,0x00000007ade80000,0x00000007ade80000)
  from space 138752K, 0% used [0x00000007ade80000,0x00000007ade80000,0x00000007b6600000)
  to   space 132608K, 0% used [0x00000007b7280000,0x00000007b7280000,0x00000007bf400000)
 ParOldGen       total 2051584K, used 1393740K [0x00000006c0000000, 0x000000073d380000, 0x000000076ab00000)
  object space 2051584K, 67% used [0x00000006c0000000,0x0000000715113050,0x000000073d380000)
 Metaspace       used 3440K, capacity 4980K, committed 5120K, reserved 1056768K
  class space    used 350K, capacity 424K, committed 512K, reserved 1048576K
Event: 185.587 GC heap after
Heap after GC invocations=29 (full 1):
 PSYoungGen      total 1228288K, used 132581K [0x000000076ab00000, 0x00000007c0000000, 0x00000007c0000000)
  eden space 1095680K, 0% used [0x000000076ab00000,0x000000076ab00000,0x00000007ad900000)
  from space 132608K, 99% used [0x00000007b7280000,0x00000007bf3f94f8,0x00000007bf400000)
  to   space 151040K, 0% used [0x00000007ad900000,0x00000007ad900000,0x00000007b6c80000)
 ParOldGen       total 2051584K, used 1676263K [0x00000006c0000000, 0x000000073d380000, 0x000000076ab00000)
  object space 2051584K, 81% used [0x00000006c0000000,0x00000007264f9fa0,0x000000073d380000)
 Metaspace       used 3440K, capacity 4980K, committed 5120K, reserved 1056768K
  class space    used 350K, capacity 424K, committed 512K, reserved 1048576K
}
Event: 274.317 GC heap before
{Heap before GC invocations=30 (full 1):
 PSYoungGen      total 1228288K, used 1228261K [0x000000076ab00000, 0x00000007c0000000, 0x00000007c0000000)
  eden space 1095680K, 100% used [0x000000076ab00000,0x00000007ad900000,0x00000007ad900000)
  from space 132608K, 99% used [0x00000007b7280000,0x00000007bf3f94f8,0x00000007bf400000)
  to   space 151040K, 0% used [0x00000007ad900000,0x00000007ad900000,0x00000007b6c80000)
 ParOldGen       total 2051584K, used 1676263K [0x00000006c0000000, 0x000000073d380000, 0x000000076ab00000)
  object space 2051584K, 81% used [0x00000006c0000000,0x00000007264f9fa0,0x000000073d380000)
 Metaspace       used 3443K, capacity 4980K, committed 5120K, reserved 1056768K
  class space    used 350K, capacity 424K, committed 512K, reserved 1048576K
Event: 274.500 GC heap after
Heap after GC invocations=30 (full 1):
 PSYoungGen      total 1228288K, used 1228261K [0x000000076ab00000, 0x00000007c0000000, 0x00000007c0000000)
  eden space 1095680K, 100% used [0x000000076ab00000,0x00000007ad900000,0x00000007ad900000)
  from space 132608K, 99% used [0x00000007b7280000,0x00000007bf3f94f8,0x00000007bf400000)
  to   space 151040K, 99% used [0x00000007ad900000,0x00000007b6c74aa0,0x00000007b6c80000)
 ParOldGen       total 2186240K, used 2185318K [0x00000006c0000000, 0x0000000745700000, 0x000000076ab00000)
  object space 2186240K, 99% used [0x00000006c0000000,0x0000000745619878,0x0000000745700000)
 Metaspace       used 3443K, capacity 4980K, committed 5120K, reserved 1056768K
  class space    used 350K, capacity 424K, committed 512K, reserved 1048576K
}
Event: 274.500 GC heap before
{Heap before GC invocations=31 (full 2):
 PSYoungGen      total 1228288K, used 1228261K [0x000000076ab00000, 0x00000007c0000000, 0x00000007c0000000)
  eden space 1095680K, 100% used [0x000000076ab00000,0x00000007ad900000,0x00000007ad900000)
  from space 132608K, 99% used [0x00000007b7280000,0x00000007bf3f94f8,0x00000007bf400000)
  to   space 151040K, 99% used [0x00000007ad900000,0x00000007b6c74aa0,0x00000007b6c80000)
 ParOldGen       total 2186240K, used 2185318K [0x00000006c0000000, 0x0000000745700000, 0x000000076ab00000)
  object space 2186240K, 99% used [0x00000006c0000000,0x0000000745619878,0x0000000745700000)
 Metaspace       used 3443K, capacity 4980K, committed 5120K, reserved 1056768K
  class space    used 350K, capacity 424K, committed 512K, reserved 1048576K

